<?xml version="1.0" encoding="UTF-8"?>
<testsuite name="ParserTest" tests="1" skipped="0" failures="0" errors="0" timestamp="2019-12-10T06:22:12" hostname="kurokawakikonoMacBook-Pro.local" time="0.038">
  <properties/>
  <testcase name="extractCommandFromStatement" classname="ParserTest" time="0.038"/>
  <system-out><![CDATA[
add
add
add
push local 2
push local 2
push   local 2
]]></system-out>
  <system-err><![CDATA[]]></system-err>
</testsuite>
